
Request: GET /home at Wed Aug 18 2021 15:40:17 GMT-0300, IP: ::1, User Agent: PostmanRuntime/7.28.1
Response Body:
{
	"value": [
		{
			"createdAt": "2021-07-05T20:40:28.281Z",
			"name": "Metallica",
			"genre": "Heavy metal",
			"photo": "https://upload.wikimedia.org/wikipedia/commons/thumb/9/92/Metallica_Live_at_The_O2%2C_London%2C_England%2C_22_October_2017.jpg/1280px-Metallica_Live_at_The_O2%2C_London%2C_England%2C_22_October_2017.jpg",
			"active": true,
			"lifetime": 27,
			"id": "1"
		},
		{
			"createdAt": "2021-07-05T05:55:56.744Z",
			"name": "Megadeth",
			"genre": "thrash metal",
			"photo": "https://upload.wikimedia.org/wikipedia/commons/thumb/d/d9/Megadeth_Live_at_The_O2_2018-06-16.jpg/1280px-Megadeth_Live_at_The_O2_2018-06-16.jpg",
			"active": false,
			"lifetime": 22,
			"id": "2"
		},
		{
			"createdAt": "2021-07-05T16:35:21.998Z",
			"name": "Green Day",
			"genre": "Punk Rock",
			"photo": "https://upload.wikimedia.org/wikipedia/commons/0/00/Green_Day_2017_Germany.png",
			"active": true,
			"lifetime": 12,
			"id": "3"
		},
		{
			"createdAt": "2021-07-05T13:37:40.046Z",
			"
...
Response: 200 520.626 ms 

Request: GET /home at Wed Aug 18 2021 15:57:57 GMT-0300, IP: ::1, User Agent: PostmanRuntime/7.28.1
Response Body:
{
	"value": [
		{
			"createdAt": "2021-07-05T20:40:28.281Z",
			"name": "Metallica",
			"genre": "Heavy metal",
			"photo": "https://upload.wikimedia.org/wikipedia/commons/thumb/9/92/Metallica_Live_at_The_O2%2C_London%2C_England%2C_22_October_2017.jpg/1280px-Metallica_Live_at_The_O2%2C_London%2C_England%2C_22_October_2017.jpg",
			"active": true,
			"lifetime": 27,
			"id": "1"
		},
		{
			"createdAt": "2021-07-05T05:55:56.744Z",
			"name": "Megadeth",
			"genre": "thrash metal",
			"photo": "https://upload.wikimedia.org/wikipedia/commons/thumb/d/d9/Megadeth_Live_at_The_O2_2018-06-16.jpg/1280px-Megadeth_Live_at_The_O2_2018-06-16.jpg",
			"active": false,
			"lifetime": 22,
			"id": "2"
		},
		{
			"createdAt": "2021-07-05T16:35:21.998Z",
			"name": "Green Day",
			"genre": "Punk Rock",
			"photo": "https://upload.wikimedia.org/wikipedia/commons/0/00/Green_Day_2017_Germany.png",
			"active": true,
			"lifetime": 12,
			"id": "3"
		},
		{
			"createdAt": "2021-07-05T13:37:40.046Z",
			"
...
Response: 200 530.025 ms 

Request: GET /home at Wed Aug 18 2021 15:58:23 GMT-0300, IP: ::1, User Agent: PostmanRuntime/7.28.1
Response Body:
{
	"value": [
		{
			"createdAt": "2021-07-05T20:40:28.281Z",
			"name": "Metallica",
			"genre": "Heavy metal",
			"photo": "https://upload.wikimedia.org/wikipedia/commons/thumb/9/92/Metallica_Live_at_The_O2%2C_London%2C_England%2C_22_October_2017.jpg/1280px-Metallica_Live_at_The_O2%2C_London%2C_England%2C_22_October_2017.jpg",
			"active": true,
			"lifetime": 27,
			"id": "1"
		},
		{
			"createdAt": "2021-07-05T05:55:56.744Z",
			"name": "Megadeth",
			"genre": "thrash metal",
			"photo": "https://upload.wikimedia.org/wikipedia/commons/thumb/d/d9/Megadeth_Live_at_The_O2_2018-06-16.jpg/1280px-Megadeth_Live_at_The_O2_2018-06-16.jpg",
			"active": false,
			"lifetime": 22,
			"id": "2"
		},
		{
			"createdAt": "2021-07-05T16:35:21.998Z",
			"name": "Green Day",
			"genre": "Punk Rock",
			"photo": "https://upload.wikimedia.org/wikipedia/commons/0/00/Green_Day_2017_Germany.png",
			"active": true,
			"lifetime": 12,
			"id": "3"
		},
		{
			"createdAt": "2021-07-05T13:37:40.046Z",
			"
...
Response: 200 610.725 ms 

Request: GET /home at Wed Aug 18 2021 15:59:10 GMT-0300, IP: ::1, User Agent: PostmanRuntime/7.28.1
Response Body:
{
	"value": [
		{
			"createdAt": "2021-07-05T20:40:28.281Z",
			"name": "Metallica",
			"genre": "Heavy metal",
			"photo": "https://upload.wikimedia.org/wikipedia/commons/thumb/9/92/Metallica_Live_at_The_O2%2C_London%2C_England%2C_22_October_2017.jpg/1280px-Metallica_Live_at_The_O2%2C_London%2C_England%2C_22_October_2017.jpg",
			"active": true,
			"lifetime": 27,
			"id": "1"
		},
		{
			"createdAt": "2021-07-05T05:55:56.744Z",
			"name": "Megadeth",
			"genre": "thrash metal",
			"photo": "https://upload.wikimedia.org/wikipedia/commons/thumb/d/d9/Megadeth_Live_at_The_O2_2018-06-16.jpg/1280px-Megadeth_Live_at_The_O2_2018-06-16.jpg",
			"active": false,
			"lifetime": 22,
			"id": "2"
		},
		{
			"createdAt": "2021-07-05T16:35:21.998Z",
			"name": "Green Day",
			"genre": "Punk Rock",
			"photo": "https://upload.wikimedia.org/wikipedia/commons/0/00/Green_Day_2017_Germany.png",
			"active": true,
			"lifetime": 12,
			"id": "3"
		},
		{
			"createdAt": "2021-07-05T13:37:40.046Z",
			"
...
Response: 200 578.124 ms 

Request: GET /home at Wed Aug 18 2021 15:59:23 GMT-0300, IP: ::1, User Agent: PostmanRuntime/7.28.1
Response Body:
{
	"error": {}
}
Response: 500 6.188 ms 

Request: GET /home at Wed Aug 18 2021 16:01:25 GMT-0300, IP: ::1, User Agent: PostmanRuntime/7.28.1
Response Body:
{
	"error": {}
}
Response: 500 7.243 ms 

Request: GET /home at Wed Aug 18 2021 16:01:26 GMT-0300, IP: ::1, User Agent: PostmanRuntime/7.28.1
Response Body:
{
	"error": {}
}
Response: 500 2.417 ms 

Request: GET /home at Wed Aug 18 2021 16:01:27 GMT-0300, IP: ::1, User Agent: PostmanRuntime/7.28.1
Response Body:
{
	"error": {}
}
Response: 500 2.189 ms 

Request: GET /home at Wed Aug 18 2021 16:01:28 GMT-0300, IP: ::1, User Agent: PostmanRuntime/7.28.1
Response Body:
{
	"error": {}
}
Response: 500 2.124 ms 

Request: GET /home at Wed Aug 18 2021 16:01:28 GMT-0300, IP: ::1, User Agent: PostmanRuntime/7.28.1
Response Body:
{
	"error": {}
}
Response: 500 1.936 ms 

Request: GET /home at Wed Aug 18 2021 16:01:29 GMT-0300, IP: ::1, User Agent: PostmanRuntime/7.28.1
Response Body:
{
	"error": {}
}
Response: 500 2.390 ms 

Request: GET /home at Wed Aug 18 2021 16:01:29 GMT-0300, IP: ::1, User Agent: PostmanRuntime/7.28.1
Response Body:
{
	"error": {}
}
Response: 500 2.046 ms 

Request: GET /home at Wed Aug 18 2021 16:06:42 GMT-0300, IP: ::1, User Agent: PostmanRuntime/7.28.1
Response Body:
{
	"error": {}
}
Response: 500 6.945 ms 

Request: GET /home at Wed Aug 18 2021 16:07:06 GMT-0300, IP: ::1, User Agent: PostmanRuntime/7.28.1
Response Body:
{
	"value": []
}
Response: 200 8.434 ms 

Request: GET /home at Wed Aug 18 2021 16:07:27 GMT-0300, IP: ::1, User Agent: PostmanRuntime/7.28.1
Response Body:
{
	"error": {
		"errno": 1,
		"code": "SQLITE_ERROR"
	}
}
Response: 500 11.037 ms 

Request: GET /home at Wed Aug 18 2021 16:08:05 GMT-0300, IP: ::1, User Agent: PostmanRuntime/7.28.1
Response Body:
{
	"error": {
		"errno": 1,
		"code": "SQLITE_ERROR"
	}
}
Response: 404 13.046 ms 

Request: GET /home at Wed Aug 18 2021 16:08:21 GMT-0300, IP: ::1, User Agent: PostmanRuntime/7.28.1
Response Body:
{
	"error": {
		"errno": 1,
		"code": "SQLITE_ERROR"
	}
}
Response: 500 9.711 ms 

Request: GET /home at Wed Aug 18 2021 16:08:36 GMT-0300, IP: ::1, User Agent: PostmanRuntime/7.28.1
Response Body:
{
	"error": {
		"errno": 1,
		"code": "SQLITE_ERROR"
	}
}
Response: 500 1.612 ms 

Request: GET /home at Wed Aug 18 2021 16:09:11 GMT-0300, IP: ::1, User Agent: PostmanRuntime/7.28.1
Response Body:
{
	"error": {
		"errno": 1,
		"code": "SQLITE_ERROR"
	}
}
Response: 500 8.400 ms 

Request: GET /home at Wed Aug 18 2021 16:09:58 GMT-0300, IP: ::1, User Agent: PostmanRuntime/7.28.1
Response Body:
{
	"message": "Nenhuma banda encontrada"
}
Response: 404 9.235 ms 

Request: GET /home at Wed Aug 18 2021 16:17:29 GMT-0300, IP: ::1, User Agent: PostmanRuntime/7.28.1
Response Body:
{
	"error": {
		"errno": 1,
		"code": "SQLITE_ERROR"
	}
}
Response: 500 9.288 ms 

Request: GET /home at Wed Aug 18 2021 16:17:58 GMT-0300, IP: ::ffff:127.0.0.1, User Agent: PostmanRuntime/7.28.1
Response Body:
{
	"message": "Nenhuma banda encontrada"
}
Response: 404 9.375 ms 

Request: GET /home at Wed Aug 18 2021 16:22:45 GMT-0300, IP: ::1, User Agent: PostmanRuntime/7.28.1
Response Body:
{
	"value": [
		{
			"createdAt": "2021-07-05T20:40:28.281Z",
			"name": "Metallica",
			"genre": "Heavy metal",
			"photo": "https://upload.wikimedia.org/wikipedia/commons/thumb/9/92/Metallica_Live_at_The_O2%2C_London%2C_England%2C_22_October_2017.jpg/1280px-Metallica_Live_at_The_O2%2C_London%2C_England%2C_22_October_2017.jpg",
			"active": true,
			"lifetime": 27,
			"id": "1"
		},
		{
			"createdAt": "2021-07-05T05:55:56.744Z",
			"name": "Megadeth",
			"genre": "thrash metal",
			"photo": "https://upload.wikimedia.org/wikipedia/commons/thumb/d/d9/Megadeth_Live_at_The_O2_2018-06-16.jpg/1280px-Megadeth_Live_at_The_O2_2018-06-16.jpg",
			"active": false,
			"lifetime": 22,
			"id": "2"
		},
		{
			"createdAt": "2021-07-05T16:35:21.998Z",
			"name": "Green Day",
			"genre": "Punk Rock",
			"photo": "https://upload.wikimedia.org/wikipedia/commons/0/00/Green_Day_2017_Germany.png",
			"active": true,
			"lifetime": 12,
			"id": "3"
		},
		{
			"createdAt": "2021-07-05T13:37:40.046Z",
			"
...
Response: 200 660.920 ms 

Request: POST /home at Wed Aug 18 2021 16:30:20 GMT-0300, IP: ::1, User Agent: PostmanRuntime/7.28.1
Request Body:
{
	"name": "Metallica",
	"genre": "metal",
	"active": 1,
	"lifetime": 12,
	"photo": "caminhoparafoto"
}
Response: 404 19.129 ms 

Request: POST /home at Wed Aug 18 2021 16:30:48 GMT-0300, IP: ::1, User Agent: PostmanRuntime/7.28.1
Request Body:
{
	"name": "Metallica",
	"genre": "metal",
	"active": 1,
	"lifetime": 12,
	"photo": "caminhoparafoto"
}
Response Body:
{
	"value": [
		1
	]
}
Response: 200 28.923 ms 

Request: GET /home at Wed Aug 18 2021 16:33:55 GMT-0300, IP: ::1, User Agent: PostmanRuntime/7.28.1
Response Body:
{
	"value": [
		{
			"id": 1,
			"name": "Metallica",
			"photo": "caminhoparafoto",
			"genre": "metal",
			"active": "1",
			"lifetime": "12",
			"created_at": "2021-08-18 19:30:48"
		}
	]
}
Response: 200 9.624 ms 

Request: POST /home at Wed Aug 18 2021 16:35:01 GMT-0300, IP: ::1, User Agent: PostmanRuntime/7.28.1
Request Body:
{
	"name": "Red hot chilli peppers",
	"genre": "rock",
	"active": 1,
	"lifetime": 10,
	"photo": "caminhoparafoto"
}
Response Body:
{
	"value": [
		2
	]
}
Response: 200 24.936 ms 

Request: GET /home at Wed Aug 18 2021 16:35:06 GMT-0300, IP: ::1, User Agent: PostmanRuntime/7.28.1
Response Body:
{
	"value": [
		{
			"id": 1,
			"name": "Metallica",
			"photo": "caminhoparafoto",
			"genre": "metal",
			"active": "1",
			"lifetime": "12",
			"created_at": "2021-08-18 19:30:48"
		},
		{
			"id": 2,
			"name": "Red hot chilli peppers",
			"photo": "caminhoparafoto",
			"genre": "rock",
			"active": "1",
			"lifetime": "10",
			"created_at": "2021-08-18 19:35:01"
		}
	]
}
Response: 200 1.144 ms 

Request: POST /home at Wed Aug 18 2021 16:43:50 GMT-0300, IP: ::1, User Agent: PostmanRuntime/7.28.1
Request Body:
{
	"name": "Red hot chilli peppers",
	"genre": "rock",
	"active": 1,
	"lifetime": 10,
	"photo": "caminhoparafoto"
}
Response Body:
{
	"value": [
		3
	]
}
Response: 200 24.699 ms 

Request: GET /home at Wed Aug 18 2021 16:43:53 GMT-0300, IP: ::1, User Agent: PostmanRuntime/7.28.1
Response Body:
{
	"value": [
		{
			"id": 1,
			"name": "Metallica",
			"photo": "caminhoparafoto",
			"genre": "metal",
			"active": "1",
			"lifetime": "12",
			"created_at": "2021-08-18 19:30:48"
		},
		{
			"id": 2,
			"name": "Red hot chilli peppers",
			"photo": "caminhoparafoto",
			"genre": "rock",
			"active": "1",
			"lifetime": "10",
			"created_at": "2021-08-18 19:35:01"
		},
		{
			"id": 3,
			"name": "Red hot chilli peppers",
			"photo": "caminhoparafoto",
			"genre": "rock",
			"active": "1",
			"lifetime": "10",
			"created_at": "2021-08-18 19:43:50"
		}
	]
}
Response: 200 1.743 ms 
