
Request: POST /home at Wed Sep 22 2021 15:37:40 GMT-0300, IP: ::1, User Agent: PostmanRuntime/7.28.4
Request Body:
{
	"name": "Hatebreed",
	"genre": "metal",
	"active": 1,
	"lifetime": 12,
	"photo": ""
}
Response Body:
{
	"value": [
		7
	]
}
Response: 200 31.952 ms 

Request: POST /home at Wed Sep 22 2021 15:56:16 GMT-0300, IP: ::1, User Agent: PostmanRuntime/7.28.4
Request Body:
{
	"name": "In this moment",
	"genre": "metal",
	"active": "1",
	"lifetime": "12"
}
Response Body:
{
	"value": [
		8
	]
}
Response: 200 22.951 ms 

Request: POST /home at Wed Sep 22 2021 15:56:53 GMT-0300, IP: ::1, User Agent: PostmanRuntime/7.28.4
Request Body:
{
	"name": "Nirvana",
	"genre": "metal",
	"active": "1",
	"lifetime": "12"
}
Response Body:
{
	"value": [
		9
	]
}
Response: 200 10.922 ms 

Request: POST /home at Wed Sep 22 2021 15:58:25 GMT-0300, IP: ::1, User Agent: PostmanRuntime/7.28.4
Request Body:
{
	"name": "king810",
	"genre": "metal",
	"active": "1",
	"lifetime": "12"
}
Response Body:
{
	"value": [
		10
	]
}
Response: 200 23.232 ms 

Request: POST /home at Wed Sep 22 2021 15:59:47 GMT-0300, IP: ::1, User Agent: PostmanRuntime/7.28.4
Request Body:
{
	"name": "king810",
	"genre": "metal",
	"active": "1",
	"lifetime": "12"
}
Response Body:
{
	"error": {
		"errno": 5,
		"code": "SQLITE_BUSY"
	}
}
Response: 500 1195.805 ms 

Request: POST /home at Wed Sep 22 2021 15:59:56 GMT-0300, IP: ::1, User Agent: PostmanRuntime/7.28.4
Request Body:
{
	"name": "teste",
	"genre": "metal",
	"active": "1",
	"lifetime": "12"
}
Response Body:
{
	"error": {
		"errno": 5,
		"code": "SQLITE_BUSY"
	}
}
Response: 500 1179.298 ms 

Request: POST /home at Wed Sep 22 2021 16:00:35 GMT-0300, IP: ::1, User Agent: PostmanRuntime/7.28.4
Request Body:
{
	"name": "teste",
	"genre": "metal",
	"active": "1",
	"lifetime": "12"
}
Response Body:
{
	"error": {
		"errno": 5,
		"code": "SQLITE_BUSY"
	}
}
Response: 500 1184.303 ms 

Request: POST /home at Wed Sep 22 2021 16:01:00 GMT-0300, IP: ::1, User Agent: PostmanRuntime/7.28.4
Request Body:
{
	"name": "teste",
	"genre": "metal",
	"active": "1",
	"lifetime": "12"
}
Response Body:
{
	"error": {
		"errno": 5,
		"code": "SQLITE_BUSY"
	}
}
Response: 500 1201.479 ms 

Request: POST /home at Wed Sep 22 2021 16:01:26 GMT-0300, IP: ::1, User Agent: PostmanRuntime/7.28.4
Request Body:
{
	"name": "teste",
	"genre": "metal",
	"active": "1",
	"lifetime": "12"
}
Response Body:
{
	"value": [
		11
	]
}
Response: 200 27.335 ms 

Request: POST /home at Wed Sep 22 2021 16:04:23 GMT-0300, IP: ::1, User Agent: PostmanRuntime/7.28.4
Request Body:
{
	"name": "Cage the Elephant",
	"genre": "metal",
	"active": "1",
	"lifetime": "12"
}
Response Body:
{
	"value": [
		12
	]
}
Response: 200 25.920 ms 

Request: GET /files/photo-1632332383007.jpg at Wed Sep 22 2021 16:05:31 GMT-0300, IP: ::1, User Agent: Mozilla/5.0 (Windows NT 10.0; Win64; x64) AppleWebKit/537.36 (KHTML, like Gecko) Chrome/93.0.4577.82 Safari/537.36
Response: 404 3.237 ms 

Request: GET /files at Wed Sep 22 2021 16:05:34 GMT-0300, IP: ::1, User Agent: Mozilla/5.0 (Windows NT 10.0; Win64; x64) AppleWebKit/537.36 (KHTML, like Gecko) Chrome/93.0.4577.82 Safari/537.36
Response: 301 0.971 ms 

Request: GET /files/ at Wed Sep 22 2021 16:05:34 GMT-0300, IP: ::1, User Agent: Mozilla/5.0 (Windows NT 10.0; Win64; x64) AppleWebKit/537.36 (KHTML, like Gecko) Chrome/93.0.4577.82 Safari/537.36
Response: 404 0.799 ms 

Request: GET /files/bandsimage-1632337463220.jpg at Wed Sep 22 2021 16:05:41 GMT-0300, IP: ::1, User Agent: Mozilla/5.0 (Windows NT 10.0; Win64; x64) AppleWebKit/537.36 (KHTML, like Gecko) Chrome/93.0.4577.82 Safari/537.36
Response: 200 2.027 ms 

Request: POST /home at Wed Sep 22 2021 16:07:15 GMT-0300, IP: ::1, User Agent: PostmanRuntime/7.28.4
Request Body:
{
	"name": "In this moment",
	"genre": "metal",
	"active": "1",
	"lifetime": "12"
}
Response Body:
{
	"value": [
		13
	]
}
Response: 200 10.839 ms 

Request: GET /files/bandsimage-1632337635931.jpg at Wed Sep 22 2021 16:07:33 GMT-0300, IP: ::1, User Agent: Mozilla/5.0 (Windows NT 10.0; Win64; x64) AppleWebKit/537.36 (KHTML, like Gecko) Chrome/93.0.4577.82 Safari/537.36
Response: 200 0.824 ms 

Request: POST /home at Wed Sep 22 2021 16:27:15 GMT-0300, IP: ::1, User Agent: PostmanRuntime/7.28.4
Request Body:
{
	"name": "In this moment",
	"genre": "metal",
	"active": "1",
	"lifetime": "12"
}
Response: - - ms 

Request: POST /home at Wed Sep 22 2021 16:27:41 GMT-0300, IP: ::1, User Agent: PostmanRuntime/7.28.4
Request Body:
{
	"name": "In this moment",
	"genre": "metal",
	"active": "1",
	"lifetime": "12"
}
Response: 200 11.487 ms 

Request: POST /home at Wed Sep 22 2021 16:28:40 GMT-0300, IP: ::1, User Agent: PostmanRuntime/7.28.4
Request Body:
{
	"name": "In this moment",
	"genre": "metal",
	"active": "1",
	"lifetime": "12"
}
Response: 200 11.740 ms 

Request: POST /home at Wed Sep 22 2021 16:31:22 GMT-0300, IP: ::1, User Agent: PostmanRuntime/7.28.4

Request: POST /home at Wed Sep 22 2021 16:31:41 GMT-0300, IP: ::1, User Agent: PostmanRuntime/7.28.4

Request: POST /home at Wed Sep 22 2021 16:31:51 GMT-0300, IP: ::1, User Agent: PostmanRuntime/7.28.4
