
Request: GET /home at Wed Aug 25 2021 15:39:29 GMT-0300, IP: ::1, User Agent: PostmanRuntime/7.28.2
Response Body:
{
	"value": [
		{
			"id": 1,
			"name": "Metallica",
			"photo": "caminhoparafoto",
			"genre": "metal",
			"active": "1",
			"lifetime": "12",
			"created_at": "2021-08-18 19:30:48"
		},
		{
			"id": 2,
			"name": "Red hot chilli peppers",
			"photo": "caminhoparafoto",
			"genre": "rock",
			"active": "1",
			"lifetime": "10",
			"created_at": "2021-08-18 19:35:01"
		},
		{
			"id": 3,
			"name": "Red hot chilli peppers",
			"photo": "caminhoparafoto",
			"genre": "rock",
			"active": "1",
			"lifetime": "10",
			"created_at": "2021-08-18 19:43:50"
		}
	]
}
Response: 200 26.743 ms 

Request: POST /artists at Wed Aug 25 2021 16:02:15 GMT-0300, IP: ::1, User Agent: PostmanRuntime/7.26.10
Request Body:
{
	"firstName": "Bruno",
	"lastName": "Armelin",
	"address": "Londrina - PR",
	"gender": "M"
}
Response: - - ms 

Request: POST /artists at Wed Aug 25 2021 16:03:07 GMT-0300, IP: ::1, User Agent: PostmanRuntime/7.26.10
Request Body:
{
	"firstName": "Bruno",
	"lastName": "Armelin",
	"address": "Londrina - PR",
	"gender": "M"
}
Response Body:
{
	"name": "Madonna"
}
Response: 200 11.829 ms 

Request: GET /artists at Wed Aug 25 2021 16:15:44 GMT-0300, IP: ::1, User Agent: PostmanRuntime/7.26.10
Request Body:
{
	"firstName": "Bruno",
	"lastName": "Armelin",
	"address": "Londrina - PR",
	"gender": "M"
}
Response Body:
{
	"value": "·QualquerValor :þ"
}
Response: 200 13.520 ms 

Request: POST /artists at Wed Aug 25 2021 16:44:52 GMT-0300, IP: ::1, User Agent: PostmanRuntime/7.26.10
Request Body:
{
	"name": "Carla Perez a Cinderela Baiana"
}
Response: 200 25.833 ms 

Request: GET /artists at Wed Aug 25 2021 16:48:08 GMT-0300, IP: ::1, User Agent: PostmanRuntime/7.26.10
Request Body:
{
	"name": "Carla Perez a Cinderela Baiana"
}
Response: 200 17.638 ms 

Request: GET /artists at Wed Aug 25 2021 16:48:58 GMT-0300, IP: ::1, User Agent: PostmanRuntime/7.26.10
Request Body:
{
	"name": "Carla Perez a Cinderela Baiana"
}
Response Body:
{
	"error": {}
}
Response: 500 18.100 ms 

Request: GET /artists at Wed Aug 25 2021 16:49:18 GMT-0300, IP: ::1, User Agent: PostmanRuntime/7.26.10
Response Body:
{
	"error": {}
}
Response: 500 1.751 ms 

Request: GET /artists at Wed Aug 25 2021 16:50:33 GMT-0300, IP: ::1, User Agent: PostmanRuntime/7.26.10
Request Body:
{
	"name": "Carla Perez a Cinderela Baiana"
}
Response Body:
{
	"error": {}
}
Response: 500 1.753 ms 

Request: GET /artists at Wed Aug 25 2021 16:50:59 GMT-0300, IP: ::1, User Agent: PostmanRuntime/7.26.10
Request Body:
{
	"name": "Carla Perez a Cinderela Baiana"
}
Response Body:
{
	"error": {}
}
Response: 500 17.679 ms 

Request: POST /artists at Wed Aug 25 2021 16:51:03 GMT-0300, IP: ::1, User Agent: PostmanRuntime/7.26.10
Request Body:
{
	"name": "Carla Perez a Cinderela Baiana"
}
Response: 200 22.325 ms 

Request: GET /artists at Wed Aug 25 2021 16:51:16 GMT-0300, IP: ::1, User Agent: PostmanRuntime/7.26.10
Request Body:
{
	"name": "Carla Perez a Cinderela Baiana"
}
Response Body:
{
	"error": {}
}
Response: 500 1.858 ms 
